<?xml version="1.0" encoding="UTF-8"?>
<!-- Generated by org.testng.reporters.JUnitReportReporter -->
<testsuite hostname="Dhwaadi" failures="0" tests="1" name="com.supermarket.testes.ManageLocationTest" time="6.119" errors="0" timestamp="2022-08-30T20:55:00 IST" skipped="0">
  <testcase classname="com.supermarket.testes.ManageLocationTest" name="verifyTextOfSelectedCountrydropdown" time="6.119"/>
  <system-out/>
</testsuite> <!-- com.supermarket.testes.ManageLocationTest -->
