<?xml version="1.0" encoding="UTF-8"?>
<!-- Generated by org.testng.reporters.JUnitReportReporter -->
<testsuite hostname="Dhwaadi" failures="0" tests="1" name="com.supermarket.testes.AddSliderTest" time="6.983" errors="0" timestamp="2022-08-31T14:32:46 IST" skipped="0">
  <testcase classname="com.supermarket.testes.AddSliderTest" name="verifyImageuploading" time="6.983"/>
  <system-out/>
</testsuite> <!-- com.supermarket.testes.AddSliderTest -->
