<?xml version="1.0" encoding="UTF-8"?>
<!-- Generated by org.testng.reporters.JUnitReportReporter -->
<testsuite hostname="Dhwaadi" failures="0" tests="1" name="com.supermarket.testes.LoginTest" time="3.824" errors="0" timestamp="2022-08-29T20:36:04 IST" skipped="0">
  <testcase classname="com.supermarket.testes.LoginTest" name="VerifyInvalidCredentialErrorMessage" time="3.824"/>
  <system-out/>
</testsuite> <!-- com.supermarket.testes.LoginTest -->
