<?xml version="1.0" encoding="UTF-8"?>
<!-- Generated by org.testng.reporters.JUnitReportReporter -->
<testsuite hostname="Dhwaadi" failures="0" tests="4" name="com.supermarket.testes.ManageProductTest" time="22.009" errors="0" timestamp="2022-08-29T19:53:14 IST" skipped="0">
  <testcase classname="com.supermarket.testes.ManageProductTest" name="VerifyNewButtonBackgroundcolor" time="4.746"/>
  <system-out/>
  <testcase classname="com.supermarket.testes.ManageProductTest" name="VerifyResetButtonTextAlignment" time="4.038"/>
  <system-out/>
  <testcase classname="com.supermarket.testes.ManageProductTest" name="VerifyTheAttributeoftheSearchbutton" time="6.919"/>
  <system-out/>
  <testcase classname="com.supermarket.testes.ManageProductTest" name="VerifySearchButtonFontSize" time="6.306"/>
  <system-out/>
</testsuite> <!-- com.supermarket.testes.ManageProductTest -->
