<?xml version="1.0" encoding="UTF-8"?>
<!-- Generated by org.testng.reporters.JUnitReportReporter -->
<testsuite hostname="Dhwaadi" failures="0" tests="1" name="com.supermarket.testes.ManageUsersTest" time="7.518" errors="0" timestamp="2022-08-28T22:59:41 IST" skipped="0">
  <testcase classname="com.supermarket.testes.ManageUsersTest" name="verifyAdminUserDeactivation" time="7.518"/>
  <system-out/>
</testsuite> <!-- com.supermarket.testes.ManageUsersTest -->
