<?xml version="1.0" encoding="UTF-8"?>
<!-- Generated by org.testng.reporters.JUnitReportReporter -->
<testsuite hostname="Dhwaadi" failures="0" tests="1" name="com.supermarket.testes.AdminUsersTest" time="5.519" errors="0" timestamp="2022-08-30T20:41:39 IST" skipped="0">
  <testcase classname="com.supermarket.testes.AdminUsersTest" name="verifyAlreadyExistUserName" time="5.519"/>
  <system-out/>
</testsuite> <!-- com.supermarket.testes.AdminUsersTest -->
