<?xml version="1.0" encoding="UTF-8"?>
<!-- Generated by org.testng.reporters.JUnitReportReporter -->
<testsuite hostname="Dhwaadi" failures="0" tests="1" name="com.supermarket.testes.PushNotificationsTest" time="6.791" errors="0" timestamp="2022-08-30T20:49:37 IST" skipped="0">
  <testcase classname="com.supermarket.testes.PushNotificationsTest" name="verifyPushNotificationInformation" time="6.791"/>
  <system-out/>
</testsuite> <!-- com.supermarket.testes.PushNotificationsTest -->
