<?xml version="1.0" encoding="UTF-8"?>
<!-- Generated by org.testng.reporters.JUnitReportReporter -->
<testsuite hostname="Dhwaadi" failures="0" tests="1" name="com.supermarket.testes.ManageCodTest" time="5.124" errors="0" timestamp="2022-08-29T16:30:48 IST" skipped="0">
  <testcase classname="com.supermarket.testes.ManageCodTest" name="verifyAddCodYesRadiobutton" time="5.124"/>
  <system-out/>
</testsuite> <!-- com.supermarket.testes.ManageCodTest -->
