<?xml version="1.0" encoding="UTF-8"?>
<!-- Generated by org.testng.reporters.JUnitReportReporter -->
<testsuite hostname="Dhwaadi" failures="0" tests="1" name="com.supermarket.testes.LoginTest" time="11.599" errors="0" timestamp="2022-08-31T12:47:54 IST" skipped="0">
  <testcase classname="com.supermarket.testes.LoginTest" name="VerifyInvalidCredentialErrorMessage" time="11.599"/>
  <system-out/>
</testsuite> <!-- com.supermarket.testes.LoginTest -->
