<?xml version="1.0" encoding="UTF-8"?>
<!-- Generated by org.testng.reporters.JUnitReportReporter -->
<testsuite hostname="Dhwaadi" failures="0" tests="1" name="com.supermarket.testes.ManageExpenseTest" time="8.876" errors="0" timestamp="2022-08-30T16:14:42 IST" skipped="0">
  <testcase classname="com.supermarket.testes.ManageExpenseTest" name="verifywhetherDeleteButtonisWorking" time="8.876"/>
  <system-out/>
</testsuite> <!-- com.supermarket.testes.ManageExpenseTest -->
